[debug] [2025-05-29T18:53:04.147Z] ----------------------------------------------------------------------
[debug] [2025-05-29T18:53:04.153Z] Command:       D:\nodejs\node.exe C:\Users\julia\AppData\Roaming\npm\node_modules\firebase-tools\lib\bin\firebase.js deploy --only functions
[debug] [2025-05-29T18:53:04.154Z] CLI Version:   14.4.0
[debug] [2025-05-29T18:53:04.155Z] Platform:      win32
[debug] [2025-05-29T18:53:04.155Z] Node Version:  v22.15.0
[debug] [2025-05-29T18:53:04.157Z] Time:          Thu May 29 2025 13:53:04 GMT-0500 (hora estándar de Colombia)
[debug] [2025-05-29T18:53:04.157Z] ----------------------------------------------------------------------
[debug] 
[debug] [2025-05-29T18:53:04.161Z] >>> [apiv2][query] GET https://firebase-public.firebaseio.com/cli.json [none]
[debug] [2025-05-29T18:53:04.837Z] > command requires scopes: ["email","openid","https://www.googleapis.com/auth/cloudplatformprojects.readonly","https://www.googleapis.com/auth/firebase","https://www.googleapis.com/auth/cloud-platform"]
[debug] [2025-05-29T18:53:04.837Z] > authorizing via signed-in user (juliancitohernandez2006@gmail.com)
[debug] [2025-05-29T18:53:04.837Z] [iam] checking project lasttimebeatendate for permissions ["cloudfunctions.functions.create","cloudfunctions.functions.delete","cloudfunctions.functions.get","cloudfunctions.functions.list","cloudfunctions.functions.update","cloudfunctions.operations.get","firebase.projects.get"]
[debug] [2025-05-29T18:53:04.839Z] Checked if tokens are valid: false, expires at: 1748544445147
[debug] [2025-05-29T18:53:04.839Z] Checked if tokens are valid: false, expires at: 1748544445147
[debug] [2025-05-29T18:53:04.839Z] > refreshing access token with scopes: []
[debug] [2025-05-29T18:53:04.841Z] >>> [apiv2][query] POST https://www.googleapis.com/oauth2/v3/token [none]
[debug] [2025-05-29T18:53:04.841Z] >>> [apiv2][body] POST https://www.googleapis.com/oauth2/v3/token [omitted]
[debug] [2025-05-29T18:53:05.167Z] <<< [apiv2][status] GET https://firebase-public.firebaseio.com/cli.json 200
[debug] [2025-05-29T18:53:05.168Z] <<< [apiv2][body] GET https://firebase-public.firebaseio.com/cli.json {"cloudBuildErrorAfter":1594252800000,"cloudBuildWarnAfter":1590019200000,"defaultNode10After":1594252800000,"minVersion":"3.0.5","node8DeploysDisabledAfter":1613390400000,"node8RuntimeDisabledAfter":1615809600000,"node8WarnAfter":1600128000000}
[debug] [2025-05-29T18:53:05.223Z] <<< [apiv2][status] POST https://www.googleapis.com/oauth2/v3/token 200
[debug] [2025-05-29T18:53:05.223Z] <<< [apiv2][body] POST https://www.googleapis.com/oauth2/v3/token [omitted]
[debug] [2025-05-29T18:53:05.261Z] >>> [apiv2][query] POST https://cloudresourcemanager.googleapis.com/v1/projects/lasttimebeatendate:testIamPermissions [none]
[debug] [2025-05-29T18:53:05.261Z] >>> [apiv2][(partial)header] POST https://cloudresourcemanager.googleapis.com/v1/projects/lasttimebeatendate:testIamPermissions x-goog-quota-user=projects/lasttimebeatendate
[debug] [2025-05-29T18:53:05.261Z] >>> [apiv2][body] POST https://cloudresourcemanager.googleapis.com/v1/projects/lasttimebeatendate:testIamPermissions {"permissions":["cloudfunctions.functions.create","cloudfunctions.functions.delete","cloudfunctions.functions.get","cloudfunctions.functions.list","cloudfunctions.functions.update","cloudfunctions.operations.get","firebase.projects.get"]}
[debug] [2025-05-29T18:53:06.047Z] <<< [apiv2][status] POST https://cloudresourcemanager.googleapis.com/v1/projects/lasttimebeatendate:testIamPermissions 200
[debug] [2025-05-29T18:53:06.047Z] <<< [apiv2][body] POST https://cloudresourcemanager.googleapis.com/v1/projects/lasttimebeatendate:testIamPermissions {"permissions":["cloudfunctions.functions.create","cloudfunctions.functions.delete","cloudfunctions.functions.get","cloudfunctions.functions.list","cloudfunctions.functions.update","cloudfunctions.operations.get","firebase.projects.get"]}
[debug] [2025-05-29T18:53:06.049Z] Checked if tokens are valid: true, expires at: 1748548384223
[debug] [2025-05-29T18:53:06.049Z] Checked if tokens are valid: true, expires at: 1748548384223
[debug] [2025-05-29T18:53:06.049Z] >>> [apiv2][query] POST https://iam.googleapis.com/v1/projects/lasttimebeatendate/serviceAccounts/lasttimebeatendate@appspot.gserviceaccount.com:testIamPermissions [none]
[debug] [2025-05-29T18:53:06.049Z] >>> [apiv2][body] POST https://iam.googleapis.com/v1/projects/lasttimebeatendate/serviceAccounts/lasttimebeatendate@appspot.gserviceaccount.com:testIamPermissions {"permissions":["iam.serviceAccounts.actAs"]}
[debug] [2025-05-29T18:53:06.740Z] <<< [apiv2][status] POST https://iam.googleapis.com/v1/projects/lasttimebeatendate/serviceAccounts/lasttimebeatendate@appspot.gserviceaccount.com:testIamPermissions 200
[debug] [2025-05-29T18:53:06.740Z] <<< [apiv2][body] POST https://iam.googleapis.com/v1/projects/lasttimebeatendate/serviceAccounts/lasttimebeatendate@appspot.gserviceaccount.com:testIamPermissions {"permissions":["iam.serviceAccounts.actAs"]}
[info] 
[info] === Deploying to 'lasttimebeatendate'...
[info] 
[info] i  deploying functions 
[info] Running command: npm --prefix "$RESOURCE_DIR" run lint
[info] +  functions: Finished running predeploy script. 
[debug] [2025-05-29T18:53:13.311Z] Checked if tokens are valid: true, expires at: 1748548384223
[debug] [2025-05-29T18:53:13.311Z] Checked if tokens are valid: true, expires at: 1748548384223
[debug] [2025-05-29T18:53:13.311Z] >>> [apiv2][query] GET https://serviceusage.googleapis.com/v1/projects/lasttimebeatendate/services/cloudresourcemanager.googleapis.com [none]
[debug] [2025-05-29T18:53:13.312Z] >>> [apiv2][(partial)header] GET https://serviceusage.googleapis.com/v1/projects/lasttimebeatendate/services/cloudresourcemanager.googleapis.com x-goog-quota-user=projects/lasttimebeatendate
[debug] [2025-05-29T18:53:14.297Z] <<< [apiv2][status] GET https://serviceusage.googleapis.com/v1/projects/lasttimebeatendate/services/cloudresourcemanager.googleapis.com 200
[debug] [2025-05-29T18:53:14.297Z] <<< [apiv2][body] GET https://serviceusage.googleapis.com/v1/projects/lasttimebeatendate/services/cloudresourcemanager.googleapis.com [omitted]
[debug] [2025-05-29T18:53:14.298Z] Checked if tokens are valid: true, expires at: 1748548384223
[debug] [2025-05-29T18:53:14.298Z] Checked if tokens are valid: true, expires at: 1748548384223
[debug] [2025-05-29T18:53:14.298Z] >>> [apiv2][query] GET https://cloudresourcemanager.googleapis.com/v1/projects/lasttimebeatendate [none]
[debug] [2025-05-29T18:53:14.927Z] <<< [apiv2][status] GET https://cloudresourcemanager.googleapis.com/v1/projects/lasttimebeatendate 200
[debug] [2025-05-29T18:53:14.927Z] <<< [apiv2][body] GET https://cloudresourcemanager.googleapis.com/v1/projects/lasttimebeatendate {"projectNumber":"757795644080","projectId":"lasttimebeatendate","lifecycleState":"ACTIVE","name":"lasttimebeatendate","labels":{"firebase":"enabled","firebase-core":"disabled"},"createTime":"2025-04-13T02:12:41.982904Z"}
[info] i  functions: preparing codebase default for deployment 
[info] i  functions: ensuring required API cloudfunctions.googleapis.com is enabled... 
[debug] [2025-05-29T18:53:14.930Z] Checked if tokens are valid: true, expires at: 1748548384223
[debug] [2025-05-29T18:53:14.931Z] Checked if tokens are valid: true, expires at: 1748548384223
[debug] [2025-05-29T18:53:14.931Z] Checked if tokens are valid: true, expires at: 1748548384223
[debug] [2025-05-29T18:53:14.931Z] Checked if tokens are valid: true, expires at: 1748548384223
[info] i  functions: ensuring required API cloudbuild.googleapis.com is enabled... 
[debug] [2025-05-29T18:53:14.932Z] Checked if tokens are valid: true, expires at: 1748548384223
[debug] [2025-05-29T18:53:14.933Z] Checked if tokens are valid: true, expires at: 1748548384223
[info] i  artifactregistry: ensuring required API artifactregistry.googleapis.com is enabled... 
[debug] [2025-05-29T18:53:14.933Z] Checked if tokens are valid: true, expires at: 1748548384223
[debug] [2025-05-29T18:53:14.934Z] Checked if tokens are valid: true, expires at: 1748548384223
[debug] [2025-05-29T18:53:14.934Z] >>> [apiv2][query] GET https://serviceusage.googleapis.com/v1/projects/lasttimebeatendate/services/cloudfunctions.googleapis.com [none]
[debug] [2025-05-29T18:53:14.934Z] >>> [apiv2][(partial)header] GET https://serviceusage.googleapis.com/v1/projects/lasttimebeatendate/services/cloudfunctions.googleapis.com x-goog-quota-user=projects/lasttimebeatendate
[debug] [2025-05-29T18:53:14.935Z] >>> [apiv2][query] GET https://serviceusage.googleapis.com/v1/projects/lasttimebeatendate/services/runtimeconfig.googleapis.com [none]
[debug] [2025-05-29T18:53:14.935Z] >>> [apiv2][(partial)header] GET https://serviceusage.googleapis.com/v1/projects/lasttimebeatendate/services/runtimeconfig.googleapis.com x-goog-quota-user=projects/lasttimebeatendate
[debug] [2025-05-29T18:53:14.938Z] >>> [apiv2][query] GET https://serviceusage.googleapis.com/v1/projects/lasttimebeatendate/services/cloudbuild.googleapis.com [none]
[debug] [2025-05-29T18:53:14.938Z] >>> [apiv2][(partial)header] GET https://serviceusage.googleapis.com/v1/projects/lasttimebeatendate/services/cloudbuild.googleapis.com x-goog-quota-user=projects/lasttimebeatendate
[debug] [2025-05-29T18:53:14.941Z] >>> [apiv2][query] GET https://serviceusage.googleapis.com/v1/projects/lasttimebeatendate/services/artifactregistry.googleapis.com [none]
[debug] [2025-05-29T18:53:14.941Z] >>> [apiv2][(partial)header] GET https://serviceusage.googleapis.com/v1/projects/lasttimebeatendate/services/artifactregistry.googleapis.com x-goog-quota-user=projects/lasttimebeatendate
[debug] [2025-05-29T18:53:15.619Z] <<< [apiv2][status] GET https://serviceusage.googleapis.com/v1/projects/lasttimebeatendate/services/cloudfunctions.googleapis.com 200
[debug] [2025-05-29T18:53:15.619Z] <<< [apiv2][body] GET https://serviceusage.googleapis.com/v1/projects/lasttimebeatendate/services/cloudfunctions.googleapis.com [omitted]
[info] +  functions: required API cloudfunctions.googleapis.com is enabled 
[debug] [2025-05-29T18:53:15.698Z] <<< [apiv2][status] GET https://serviceusage.googleapis.com/v1/projects/lasttimebeatendate/services/artifactregistry.googleapis.com 200
[debug] [2025-05-29T18:53:15.698Z] <<< [apiv2][body] GET https://serviceusage.googleapis.com/v1/projects/lasttimebeatendate/services/artifactregistry.googleapis.com [omitted]
[info] +  artifactregistry: required API artifactregistry.googleapis.com is enabled 
[debug] [2025-05-29T18:53:15.736Z] <<< [apiv2][status] GET https://serviceusage.googleapis.com/v1/projects/lasttimebeatendate/services/runtimeconfig.googleapis.com 200
[debug] [2025-05-29T18:53:15.737Z] <<< [apiv2][body] GET https://serviceusage.googleapis.com/v1/projects/lasttimebeatendate/services/runtimeconfig.googleapis.com [omitted]
[debug] [2025-05-29T18:53:15.745Z] <<< [apiv2][status] GET https://serviceusage.googleapis.com/v1/projects/lasttimebeatendate/services/cloudbuild.googleapis.com 200
[debug] [2025-05-29T18:53:15.746Z] <<< [apiv2][body] GET https://serviceusage.googleapis.com/v1/projects/lasttimebeatendate/services/cloudbuild.googleapis.com [omitted]
[info] +  functions: required API cloudbuild.googleapis.com is enabled 
[debug] [2025-05-29T18:53:15.753Z] Checked if tokens are valid: true, expires at: 1748548384223
[debug] [2025-05-29T18:53:15.754Z] Checked if tokens are valid: true, expires at: 1748548384223
[debug] [2025-05-29T18:53:15.755Z] >>> [apiv2][query] GET https://firebase.googleapis.com/v1beta1/projects/lasttimebeatendate/adminSdkConfig [none]
[debug] [2025-05-29T18:53:16.397Z] <<< [apiv2][status] GET https://firebase.googleapis.com/v1beta1/projects/lasttimebeatendate/adminSdkConfig 200
[debug] [2025-05-29T18:53:16.397Z] <<< [apiv2][body] GET https://firebase.googleapis.com/v1beta1/projects/lasttimebeatendate/adminSdkConfig {"projectId":"lasttimebeatendate","storageBucket":"lasttimebeatendate.firebasestorage.app"}
[debug] [2025-05-29T18:53:16.398Z] Checked if tokens are valid: true, expires at: 1748548384223
[debug] [2025-05-29T18:53:16.399Z] Checked if tokens are valid: true, expires at: 1748548384223
[debug] [2025-05-29T18:53:16.399Z] >>> [apiv2][query] GET https://runtimeconfig.googleapis.com/v1beta1/projects/lasttimebeatendate/configs [none]
[debug] [2025-05-29T18:53:17.058Z] <<< [apiv2][status] GET https://runtimeconfig.googleapis.com/v1beta1/projects/lasttimebeatendate/configs 200
[debug] [2025-05-29T18:53:17.058Z] <<< [apiv2][body] GET https://runtimeconfig.googleapis.com/v1beta1/projects/lasttimebeatendate/configs {}
[debug] [2025-05-29T18:53:17.061Z] Validating nodejs source
[warn] !  functions: Runtime Node.js 18 was deprecated on 2025-04-30 and will be decommissioned on 2025-10-30, after which you will not be able to deploy without upgrading. Consider upgrading now to avoid disruption. See https://cloud.google.com/functions/docs/runtime-support for full details on the lifecycle policy 
[debug] [2025-05-29T18:53:27.153Z] checkFunctionsSDKVersion was unable to fetch information from NPM Error: spawnSync C:\WINDOWS\system32\cmd.exe ETIMEDOUT
    at Object.spawnSync (node:internal/child_process:1120:20)
    at Object.spawnSync (node:child_process:868:24)
    at Function.spawnSync [as sync] (C:\Users\julia\AppData\Roaming\npm\node_modules\firebase-tools\node_modules\cross-spawn\index.js:26:23)
    at Object.getLatestSDKVersion (C:\Users\julia\AppData\Roaming\npm\node_modules\firebase-tools\lib\deploy\functions\runtimes\node\versioning.js:54:25)
    at Object.checkFunctionsSDKVersion (C:\Users\julia\AppData\Roaming\npm\node_modules\firebase-tools\lib\deploy\functions\runtimes\node\versioning.js:74:32)
    at Delegate.validate (C:\Users\julia\AppData\Roaming\npm\node_modules\firebase-tools\lib\deploy\functions\runtimes\node\index.js:86:20)
    at loadCodebases (C:\Users\julia\AppData\Roaming\npm\node_modules\firebase-tools\lib\deploy\functions\prepare.js:304:31)
    at async prepare (C:\Users\julia\AppData\Roaming\npm\node_modules\firebase-tools\lib\deploy\functions\prepare.js:59:24)
    at async chain (C:\Users\julia\AppData\Roaming\npm\node_modules\firebase-tools\lib\deploy\index.js:42:9)
    at async deploy (C:\Users\julia\AppData\Roaming\npm\node_modules\firebase-tools\lib\deploy\index.js:119:5)
[debug] [2025-05-29T18:53:27.156Z] > [functions] package.json contents: {
  "name": "functions",
  "scripts": {
    "lint": "eslint .",
    "build": "",
    "serve": "firebase emulators:start --only functions",
    "shell": "firebase functions:shell",
    "start": "npm run shell",
    "deploy": "firebase deploy --only functions",
    "logs": "firebase functions:log"
  },
  "engines": {
    "node": "18"
  },
  "main": "index.js",
  "dependencies": {
    "firebase-admin": "^12.0.0",
    "firebase-functions": "^6.3.2",
    "functions": "file:"
  },
  "devDependencies": {
    "eslint": "^8.57.0",
    "eslint-config-standard": "^17.1.0",
    "eslint-plugin-import": "^2.29.1",
    "eslint-plugin-node": "^11.1.0",
    "eslint-plugin-promise": "^6.1.1"
  },
  "private": true
}
[debug] [2025-05-29T18:53:27.158Z] Building nodejs source
[info] i  functions: Loading and analyzing source code for codebase default to determine what to deploy 
[debug] [2025-05-29T18:53:27.170Z] Could not find functions.yaml. Must use http discovery
[debug] [2025-05-29T18:53:27.248Z] Found firebase-functions binary at 'D:\Pagina Gambling\Gambling-Bar-Game\functions\node_modules\.bin\firebase-functions'
[info] Serving at port 8039

[debug] [2025-05-29T18:53:36.634Z] Got response from /__/functions.yaml {"endpoints":{"tryLevel":{"availableMemoryMb":null,"timeoutSeconds":null,"minInstances":null,"maxInstances":null,"ingressSettings":null,"concurrency":null,"serviceAccountEmail":null,"vpc":null,"platform":"gcfv2","labels":{},"callableTrigger":{},"entryPoint":"tryLevel"},"updateLastWin":{"availableMemoryMb":null,"timeoutSeconds":null,"minInstances":null,"maxInstances":null,"ingressSettings":null,"concurrency":null,"serviceAccountEmail":null,"vpc":null,"platform":"gcfv2","labels":{},"callableTrigger":{},"entryPoint":"updateLastWin"}},"specVersion":"v1alpha1","requiredAPIs":[],"extensions":{}}
[info] i  extensions: ensuring required API firebaseextensions.googleapis.com is enabled... 
[debug] [2025-05-29T18:53:40.826Z] Checked if tokens are valid: true, expires at: 1748548384223
[debug] [2025-05-29T18:53:40.826Z] Checked if tokens are valid: true, expires at: 1748548384223
[debug] [2025-05-29T18:53:40.827Z] >>> [apiv2][query] GET https://serviceusage.googleapis.com/v1/projects/lasttimebeatendate/services/firebaseextensions.googleapis.com [none]
[debug] [2025-05-29T18:53:40.827Z] >>> [apiv2][(partial)header] GET https://serviceusage.googleapis.com/v1/projects/lasttimebeatendate/services/firebaseextensions.googleapis.com x-goog-quota-user=projects/lasttimebeatendate
[debug] [2025-05-29T18:53:41.590Z] <<< [apiv2][status] GET https://serviceusage.googleapis.com/v1/projects/lasttimebeatendate/services/firebaseextensions.googleapis.com 200
[debug] [2025-05-29T18:53:41.590Z] <<< [apiv2][body] GET https://serviceusage.googleapis.com/v1/projects/lasttimebeatendate/services/firebaseextensions.googleapis.com [omitted]
[info] +  extensions: required API firebaseextensions.googleapis.com is enabled 
[debug] [2025-05-29T18:53:41.590Z] > command requires scopes: ["email","openid","https://www.googleapis.com/auth/cloudplatformprojects.readonly","https://www.googleapis.com/auth/firebase","https://www.googleapis.com/auth/cloud-platform"]
[debug] [2025-05-29T18:53:41.591Z] > authorizing via signed-in user (juliancitohernandez2006@gmail.com)
[debug] [2025-05-29T18:53:41.591Z] [iam] checking project lasttimebeatendate for permissions ["firebase.projects.get","firebaseextensions.instances.list"]
[debug] [2025-05-29T18:53:41.591Z] Checked if tokens are valid: true, expires at: 1748548384223
[debug] [2025-05-29T18:53:41.591Z] Checked if tokens are valid: true, expires at: 1748548384223
[debug] [2025-05-29T18:53:41.591Z] >>> [apiv2][query] POST https://cloudresourcemanager.googleapis.com/v1/projects/lasttimebeatendate:testIamPermissions [none]
[debug] [2025-05-29T18:53:41.591Z] >>> [apiv2][(partial)header] POST https://cloudresourcemanager.googleapis.com/v1/projects/lasttimebeatendate:testIamPermissions x-goog-quota-user=projects/lasttimebeatendate
[debug] [2025-05-29T18:53:41.591Z] >>> [apiv2][body] POST https://cloudresourcemanager.googleapis.com/v1/projects/lasttimebeatendate:testIamPermissions {"permissions":["firebase.projects.get","firebaseextensions.instances.list"]}
[debug] [2025-05-29T18:53:42.177Z] <<< [apiv2][status] POST https://cloudresourcemanager.googleapis.com/v1/projects/lasttimebeatendate:testIamPermissions 200
[debug] [2025-05-29T18:53:42.178Z] <<< [apiv2][body] POST https://cloudresourcemanager.googleapis.com/v1/projects/lasttimebeatendate:testIamPermissions {"permissions":["firebase.projects.get","firebaseextensions.instances.list"]}
[debug] [2025-05-29T18:53:42.179Z] Checked if tokens are valid: true, expires at: 1748548384223
[debug] [2025-05-29T18:53:42.179Z] Checked if tokens are valid: true, expires at: 1748548384223
[debug] [2025-05-29T18:53:42.179Z] >>> [apiv2][query] GET https://firebaseextensions.googleapis.com/v1beta/projects/lasttimebeatendate/instances pageSize=100&pageToken=
[debug] [2025-05-29T18:53:43.118Z] <<< [apiv2][status] GET https://firebaseextensions.googleapis.com/v1beta/projects/lasttimebeatendate/instances 200
[debug] [2025-05-29T18:53:43.118Z] <<< [apiv2][body] GET https://firebaseextensions.googleapis.com/v1beta/projects/lasttimebeatendate/instances {}
[info] i  functions: preparing functions directory for uploading... 
[info] i  functions: packaged D:\Pagina Gambling\Gambling-Bar-Game\functions (56.89 KB) for uploading 
[debug] [2025-05-29T18:53:43.261Z] Checked if tokens are valid: true, expires at: 1748548384223
[debug] [2025-05-29T18:53:43.261Z] Checked if tokens are valid: true, expires at: 1748548384223
[debug] [2025-05-29T18:53:43.261Z] >>> [apiv2][query] GET https://cloudfunctions.googleapis.com/v1/projects/lasttimebeatendate/locations/-/functions [none]
[debug] [2025-05-29T18:53:44.264Z] <<< [apiv2][status] GET https://cloudfunctions.googleapis.com/v1/projects/lasttimebeatendate/locations/-/functions 200
[debug] [2025-05-29T18:53:44.264Z] <<< [apiv2][body] GET https://cloudfunctions.googleapis.com/v1/projects/lasttimebeatendate/locations/-/functions {}
[debug] [2025-05-29T18:53:44.266Z] Checked if tokens are valid: true, expires at: 1748548384223
[debug] [2025-05-29T18:53:44.267Z] Checked if tokens are valid: true, expires at: 1748548384223
[debug] [2025-05-29T18:53:44.268Z] >>> [apiv2][query] GET https://cloudfunctions.googleapis.com/v2/projects/lasttimebeatendate/locations/-/functions filter=environment%3D%22GEN_2%22
[debug] [2025-05-29T18:53:44.822Z] <<< [apiv2][status] GET https://cloudfunctions.googleapis.com/v2/projects/lasttimebeatendate/locations/-/functions 200
[debug] [2025-05-29T18:53:44.823Z] <<< [apiv2][body] GET https://cloudfunctions.googleapis.com/v2/projects/lasttimebeatendate/locations/-/functions {"functions":[{"name":"projects/lasttimebeatendate/locations/us-central1/functions/tryLevel","buildConfig":{"build":"projects/757795644080/locations/us-central1/builds/f202d267-8694-4e75-819f-06d09e62c5bc","runtime":"nodejs18","entryPoint":"tryLevel","source":{"storageSource":{"bucket":"gcf-v2-sources-757795644080-us-central1","object":"tryLevel/function-source.zip","generation":"1748543011786498"}},"environmentVariables":{"GOOGLE_NODE_RUN_SCRIPTS":""},"dockerRepository":"projects/lasttimebeatendate/locations/us-central1/repositories/gcf-artifacts","sourceProvenance":{"resolvedStorageSource":{"bucket":"gcf-v2-sources-757795644080-us-central1","object":"tryLevel/function-source.zip","generation":"1748543011786498"}},"dockerRegistry":"ARTIFACT_REGISTRY","serviceAccount":"projects/lasttimebeatendate/serviceAccounts/757795644080-compute@developer.gserviceaccount.com","automaticUpdatePolicy":{}},"serviceConfig":{"service":"projects/lasttimebeatendate/locations/us-central1/services/trylevel","timeoutSeconds":60,"environmentVariables":{"FIREBASE_CONFIG":"{\"projectId\":\"lasttimebeatendate\",\"storageBucket\":\"lasttimebeatendate.firebasestorage.app\"}","GCLOUD_PROJECT":"lasttimebeatendate","EVENTARC_CLOUD_EVENT_SOURCE":"projects/lasttimebeatendate/locations/us-central1/services/tryLevel","FUNCTION_TARGET":"tryLevel","LOG_EXECUTION_ID":"true"},"maxInstanceCount":40,"ingressSettings":"ALLOW_ALL","uri":"https://trylevel-k2jngl7mvq-uc.a.run.app","serviceAccountEmail":"757795644080-compute@developer.gserviceaccount.com","availableMemory":"256Mi","allTrafficOnLatestRevision":true,"revision":"trylevel-00010-yuq","maxInstanceRequestConcurrency":80,"availableCpu":"1"},"state":"ACTIVE","updateTime":"2025-05-29T18:24:35.052048632Z","labels":{"deployment-tool":"cli-firebase","deployment-callable":"true","firebase-functions-hash":"1cec7baff765aa4e1d05119aa0f2138556c9ad68"},"environment":"GEN_2","url":"https://us-central1-lasttimebeatendate.cloudfunctions.net/tryLevel","createTime":"2025-05-26T18:23:18.807965392Z","satisfiesPzi":true},{"name":"projects/lasttimebeatendate/locations/us-central1/functions/updateLastWin","buildConfig":{"build":"projects/757795644080/locations/us-central1/builds/f202d267-8694-4e75-819f-06d09e62c5bc","runtime":"nodejs18","entryPoint":"updateLastWin","source":{"storageSource":{"bucket":"gcf-v2-sources-757795644080-us-central1","object":"updateLastWin/function-source.zip","generation":"1748543062808951"}},"environmentVariables":{"GOOGLE_NODE_RUN_SCRIPTS":""},"dockerRepository":"projects/lasttimebeatendate/locations/us-central1/repositories/gcf-artifacts","sourceProvenance":{"resolvedStorageSource":{"bucket":"gcf-v2-sources-757795644080-us-central1","object":"updateLastWin/function-source.zip","generation":"1748543062808951"}},"dockerRegistry":"ARTIFACT_REGISTRY","serviceAccount":"projects/lasttimebeatendate/serviceAccounts/757795644080-compute@developer.gserviceaccount.com","automaticUpdatePolicy":{}},"serviceConfig":{"service":"projects/lasttimebeatendate/locations/us-central1/services/updatelastwin","timeoutSeconds":60,"environmentVariables":{"FIREBASE_CONFIG":"{\"projectId\":\"lasttimebeatendate\",\"storageBucket\":\"lasttimebeatendate.firebasestorage.app\"}","GCLOUD_PROJECT":"lasttimebeatendate","EVENTARC_CLOUD_EVENT_SOURCE":"projects/lasttimebeatendate/locations/us-central1/services/updateLastWin","FUNCTION_TARGET":"updateLastWin","LOG_EXECUTION_ID":"true","FUNCTION_SIGNATURE_TYPE":"http"},"maxInstanceCount":40,"ingressSettings":"ALLOW_ALL","uri":"https://updatelastwin-k2jngl7mvq-uc.a.run.app","serviceAccountEmail":"757795644080-compute@developer.gserviceaccount.com","availableMemory":"256Mi","allTrafficOnLatestRevision":true,"revision":"updatelastwin-00010-fox","maxInstanceRequestConcurrency":80,"availableCpu":"1"},"state":"ACTIVE","updateTime":"2025-05-29T18:24:34.909268424Z","labels":{"firebase-functions-hash":"1cec7baff765aa4e1d05119aa0f2138556c9ad68","deployment-tool":"cli-firebase","deployment-callable":"true"},"environment":"GEN_2","url":"https://us-central1-lasttimebeatendate.cloudfunctions.net/updateLastWin","createTime":"2025-05-26T18:24:29.727564331Z","satisfiesPzi":true}]}
[info] i  functions: ensuring required API run.googleapis.com is enabled... 
[debug] [2025-05-29T18:53:44.830Z] Checked if tokens are valid: true, expires at: 1748548384223
[debug] [2025-05-29T18:53:44.830Z] Checked if tokens are valid: true, expires at: 1748548384223
[info] i  functions: ensuring required API eventarc.googleapis.com is enabled... 
[debug] [2025-05-29T18:53:44.831Z] Checked if tokens are valid: true, expires at: 1748548384223
[debug] [2025-05-29T18:53:44.832Z] Checked if tokens are valid: true, expires at: 1748548384223
[info] i  functions: ensuring required API pubsub.googleapis.com is enabled... 
[debug] [2025-05-29T18:53:44.832Z] Checked if tokens are valid: true, expires at: 1748548384223
[debug] [2025-05-29T18:53:44.833Z] Checked if tokens are valid: true, expires at: 1748548384223
[info] i  functions: ensuring required API storage.googleapis.com is enabled... 
[debug] [2025-05-29T18:53:44.834Z] Checked if tokens are valid: true, expires at: 1748548384223
[debug] [2025-05-29T18:53:44.834Z] Checked if tokens are valid: true, expires at: 1748548384223
[debug] [2025-05-29T18:53:44.834Z] >>> [apiv2][query] GET https://serviceusage.googleapis.com/v1/projects/757795644080/services/run.googleapis.com [none]
[debug] [2025-05-29T18:53:44.834Z] >>> [apiv2][(partial)header] GET https://serviceusage.googleapis.com/v1/projects/757795644080/services/run.googleapis.com x-goog-quota-user=projects/757795644080
[debug] [2025-05-29T18:53:44.835Z] >>> [apiv2][query] GET https://serviceusage.googleapis.com/v1/projects/757795644080/services/eventarc.googleapis.com [none]
[debug] [2025-05-29T18:53:44.835Z] >>> [apiv2][(partial)header] GET https://serviceusage.googleapis.com/v1/projects/757795644080/services/eventarc.googleapis.com x-goog-quota-user=projects/757795644080
[debug] [2025-05-29T18:53:44.838Z] >>> [apiv2][query] GET https://serviceusage.googleapis.com/v1/projects/757795644080/services/pubsub.googleapis.com [none]
[debug] [2025-05-29T18:53:44.839Z] >>> [apiv2][(partial)header] GET https://serviceusage.googleapis.com/v1/projects/757795644080/services/pubsub.googleapis.com x-goog-quota-user=projects/757795644080
[debug] [2025-05-29T18:53:44.841Z] >>> [apiv2][query] GET https://serviceusage.googleapis.com/v1/projects/757795644080/services/storage.googleapis.com [none]
[debug] [2025-05-29T18:53:44.841Z] >>> [apiv2][(partial)header] GET https://serviceusage.googleapis.com/v1/projects/757795644080/services/storage.googleapis.com x-goog-quota-user=projects/757795644080
[debug] [2025-05-29T18:53:45.423Z] <<< [apiv2][status] GET https://serviceusage.googleapis.com/v1/projects/757795644080/services/run.googleapis.com 200
[debug] [2025-05-29T18:53:45.424Z] <<< [apiv2][body] GET https://serviceusage.googleapis.com/v1/projects/757795644080/services/run.googleapis.com [omitted]
[info] +  functions: required API run.googleapis.com is enabled 
[debug] [2025-05-29T18:53:45.569Z] <<< [apiv2][status] GET https://serviceusage.googleapis.com/v1/projects/757795644080/services/pubsub.googleapis.com 200
[debug] [2025-05-29T18:53:45.569Z] <<< [apiv2][body] GET https://serviceusage.googleapis.com/v1/projects/757795644080/services/pubsub.googleapis.com [omitted]
[info] +  functions: required API pubsub.googleapis.com is enabled 
[debug] [2025-05-29T18:53:45.570Z] <<< [apiv2][status] GET https://serviceusage.googleapis.com/v1/projects/757795644080/services/storage.googleapis.com 200
[debug] [2025-05-29T18:53:45.571Z] <<< [apiv2][body] GET https://serviceusage.googleapis.com/v1/projects/757795644080/services/storage.googleapis.com [omitted]
[info] +  functions: required API storage.googleapis.com is enabled 
[debug] [2025-05-29T18:53:45.620Z] <<< [apiv2][status] GET https://serviceusage.googleapis.com/v1/projects/757795644080/services/eventarc.googleapis.com 200
[debug] [2025-05-29T18:53:45.621Z] <<< [apiv2][body] GET https://serviceusage.googleapis.com/v1/projects/757795644080/services/eventarc.googleapis.com [omitted]
[info] +  functions: required API eventarc.googleapis.com is enabled 
[info] i  functions: generating the service identity for pubsub.googleapis.com... 
[debug] [2025-05-29T18:53:45.622Z] Checked if tokens are valid: true, expires at: 1748548384223
[debug] [2025-05-29T18:53:45.622Z] Checked if tokens are valid: true, expires at: 1748548384223
[info] i  functions: generating the service identity for eventarc.googleapis.com... 
[debug] [2025-05-29T18:53:45.623Z] Checked if tokens are valid: true, expires at: 1748548384223
[debug] [2025-05-29T18:53:45.623Z] Checked if tokens are valid: true, expires at: 1748548384223
[debug] [2025-05-29T18:53:45.623Z] >>> [apiv2][query] POST https://serviceusage.googleapis.com/v1beta1/projects/757795644080/services/pubsub.googleapis.com:generateServiceIdentity [none]
[debug] [2025-05-29T18:53:45.624Z] >>> [apiv2][query] POST https://serviceusage.googleapis.com/v1beta1/projects/757795644080/services/eventarc.googleapis.com:generateServiceIdentity [none]
[debug] [2025-05-29T18:53:45.963Z] <<< [apiv2][status] POST https://serviceusage.googleapis.com/v1beta1/projects/757795644080/services/eventarc.googleapis.com:generateServiceIdentity 200
[debug] [2025-05-29T18:53:45.964Z] <<< [apiv2][body] POST https://serviceusage.googleapis.com/v1beta1/projects/757795644080/services/eventarc.googleapis.com:generateServiceIdentity {"name":"operations/finished.DONE_OPERATION","done":true,"response":{"@type":"type.googleapis.com/google.api.serviceusage.v1beta1.ServiceIdentity","email":"service-757795644080@gcp-sa-eventarc.iam.gserviceaccount.com","uniqueId":"111234893276582479276"}}
[debug] [2025-05-29T18:53:46.006Z] <<< [apiv2][status] POST https://serviceusage.googleapis.com/v1beta1/projects/757795644080/services/pubsub.googleapis.com:generateServiceIdentity 200
[debug] [2025-05-29T18:53:46.006Z] <<< [apiv2][body] POST https://serviceusage.googleapis.com/v1beta1/projects/757795644080/services/pubsub.googleapis.com:generateServiceIdentity {"name":"operations/finished.DONE_OPERATION","done":true,"response":{"@type":"type.googleapis.com/google.api.serviceusage.v1beta1.ServiceIdentity","email":"service-757795644080@gcp-sa-pubsub.iam.gserviceaccount.com","uniqueId":"100390883231358604819"}}
[debug] [2025-05-29T18:53:46.009Z] Checked if tokens are valid: true, expires at: 1748548384223
[debug] [2025-05-29T18:53:46.009Z] Checked if tokens are valid: true, expires at: 1748548384223
[debug] [2025-05-29T18:53:46.009Z] >>> [apiv2][query] GET https://serviceusage.googleapis.com/v1/projects/lasttimebeatendate/services/cloudresourcemanager.googleapis.com [none]
[debug] [2025-05-29T18:53:46.009Z] >>> [apiv2][(partial)header] GET https://serviceusage.googleapis.com/v1/projects/lasttimebeatendate/services/cloudresourcemanager.googleapis.com x-goog-quota-user=projects/lasttimebeatendate
[debug] [2025-05-29T18:53:46.665Z] <<< [apiv2][status] GET https://serviceusage.googleapis.com/v1/projects/lasttimebeatendate/services/cloudresourcemanager.googleapis.com 200
[debug] [2025-05-29T18:53:46.665Z] <<< [apiv2][body] GET https://serviceusage.googleapis.com/v1/projects/lasttimebeatendate/services/cloudresourcemanager.googleapis.com [omitted]
[debug] [2025-05-29T18:53:46.665Z] Checked if tokens are valid: true, expires at: 1748548384223
[debug] [2025-05-29T18:53:46.665Z] Checked if tokens are valid: true, expires at: 1748548384223
[debug] [2025-05-29T18:53:46.665Z] >>> [apiv2][query] GET https://cloudresourcemanager.googleapis.com/v1/projects/lasttimebeatendate [none]
[debug] [2025-05-29T18:53:46.836Z] <<< [apiv2][status] GET https://cloudresourcemanager.googleapis.com/v1/projects/lasttimebeatendate 200
[debug] [2025-05-29T18:53:46.837Z] <<< [apiv2][body] GET https://cloudresourcemanager.googleapis.com/v1/projects/lasttimebeatendate {"projectNumber":"757795644080","projectId":"lasttimebeatendate","lifecycleState":"ACTIVE","name":"lasttimebeatendate","labels":{"firebase":"enabled","firebase-core":"disabled"},"createTime":"2025-04-13T02:12:41.982904Z"}
[debug] [2025-05-29T18:53:46.837Z] Checked if tokens are valid: true, expires at: 1748548384223
[debug] [2025-05-29T18:53:46.837Z] Checked if tokens are valid: true, expires at: 1748548384223
[debug] [2025-05-29T18:53:46.838Z] >>> [apiv2][query] GET https://compute.googleapis.com/compute/v1/projects/757795644080 [none]
[debug] [2025-05-29T18:53:47.271Z] <<< [apiv2][status] GET https://compute.googleapis.com/compute/v1/projects/757795644080 403
[debug] [2025-05-29T18:53:47.271Z] <<< [apiv2][body] GET https://compute.googleapis.com/compute/v1/projects/757795644080 {"error":{"code":403,"message":"Compute Engine API has not been used in project 757795644080 before or it is disabled. Enable it by visiting https://console.developers.google.com/apis/api/compute.googleapis.com/overview?project=757795644080 then retry. If you enabled this API recently, wait a few minutes for the action to propagate to our systems and retry.","errors":[{"message":"Compute Engine API has not been used in project 757795644080 before or it is disabled. Enable it by visiting https://console.developers.google.com/apis/api/compute.googleapis.com/overview?project=757795644080 then retry. If you enabled this API recently, wait a few minutes for the action to propagate to our systems and retry.","domain":"usageLimits","reason":"accessNotConfigured","extendedHelp":"https://console.developers.google.com"}],"status":"PERMISSION_DENIED","details":[{"@type":"type.googleapis.com/google.rpc.ErrorInfo","reason":"SERVICE_DISABLED","domain":"googleapis.com","metadata":{"serviceTitle":"Compute Engine API","containerInfo":"757795644080","service":"compute.googleapis.com","consumer":"projects/757795644080","activationUrl":"https://console.developers.google.com/apis/api/compute.googleapis.com/overview?project=757795644080"}},{"@type":"type.googleapis.com/google.rpc.LocalizedMessage","locale":"en-US","message":"Compute Engine API has not been used in project 757795644080 before or it is disabled. Enable it by visiting https://console.developers.google.com/apis/api/compute.googleapis.com/overview?project=757795644080 then retry. If you enabled this API recently, wait a few minutes for the action to propagate to our systems and retry."},{"@type":"type.googleapis.com/google.rpc.Help","links":[{"description":"Google developers console API activation","url":"https://console.developers.google.com/apis/api/compute.googleapis.com/overview?project=757795644080"}]}]}}
[debug] [2025-05-29T18:53:47.272Z] unable to look up default compute service account. Falling back to 757795644080-compute@developer.gserviceaccount.com. Error: {"name":"FirebaseError","children":[],"context":{"body":{"error":{"code":403,"message":"Compute Engine API has not been used in project 757795644080 before or it is disabled. Enable it by visiting https://console.developers.google.com/apis/api/compute.googleapis.com/overview?project=757795644080 then retry. If you enabled this API recently, wait a few minutes for the action to propagate to our systems and retry.","errors":[{"message":"Compute Engine API has not been used in project 757795644080 before or it is disabled. Enable it by visiting https://console.developers.google.com/apis/api/compute.googleapis.com/overview?project=757795644080 then retry. If you enabled this API recently, wait a few minutes for the action to propagate to our systems and retry.","domain":"usageLimits","reason":"accessNotConfigured","extendedHelp":"https://console.developers.google.com"}],"status":"PERMISSION_DENIED","details":[{"@type":"type.googleapis.com/google.rpc.ErrorInfo","reason":"SERVICE_DISABLED","domain":"googleapis.com","metadata":{"serviceTitle":"Compute Engine API","containerInfo":"757795644080","service":"compute.googleapis.com","consumer":"projects/757795644080","activationUrl":"https://console.developers.google.com/apis/api/compute.googleapis.com/overview?project=757795644080"}},{"@type":"type.googleapis.com/google.rpc.LocalizedMessage","locale":"en-US","message":"Compute Engine API has not been used in project 757795644080 before or it is disabled. Enable it by visiting https://console.developers.google.com/apis/api/compute.googleapis.com/overview?project=757795644080 then retry. If you enabled this API recently, wait a few minutes for the action to propagate to our systems and retry."},{"@type":"type.googleapis.com/google.rpc.Help","links":[{"description":"Google developers console API activation","url":"https://console.developers.google.com/apis/api/compute.googleapis.com/overview?project=757795644080"}]}]}},"response":{"statusCode":403}},"exit":1,"message":"Request to https://compute.googleapis.com/compute/v1/projects/757795644080 had HTTP Error: 403, Compute Engine API has not been used in project 757795644080 before or it is disabled. Enable it by visiting https://console.developers.google.com/apis/api/compute.googleapis.com/overview?project=757795644080 then retry. If you enabled this API recently, wait a few minutes for the action to propagate to our systems and retry.","status":403}
[debug] [2025-05-29T18:53:47.272Z] Checked if tokens are valid: true, expires at: 1748548384223
[debug] [2025-05-29T18:53:47.272Z] Checked if tokens are valid: true, expires at: 1748548384223
[debug] [2025-05-29T18:53:47.272Z] >>> [apiv2][query] GET https://compute.googleapis.com/compute/v1/projects/757795644080 [none]
[debug] [2025-05-29T18:53:47.415Z] <<< [apiv2][status] GET https://compute.googleapis.com/compute/v1/projects/757795644080 403
[debug] [2025-05-29T18:53:47.415Z] <<< [apiv2][body] GET https://compute.googleapis.com/compute/v1/projects/757795644080 {"error":{"code":403,"message":"Compute Engine API has not been used in project 757795644080 before or it is disabled. Enable it by visiting https://console.developers.google.com/apis/api/compute.googleapis.com/overview?project=757795644080 then retry. If you enabled this API recently, wait a few minutes for the action to propagate to our systems and retry.","errors":[{"message":"Compute Engine API has not been used in project 757795644080 before or it is disabled. Enable it by visiting https://console.developers.google.com/apis/api/compute.googleapis.com/overview?project=757795644080 then retry. If you enabled this API recently, wait a few minutes for the action to propagate to our systems and retry.","domain":"usageLimits","reason":"accessNotConfigured","extendedHelp":"https://console.developers.google.com"}],"status":"PERMISSION_DENIED","details":[{"@type":"type.googleapis.com/google.rpc.ErrorInfo","reason":"SERVICE_DISABLED","domain":"googleapis.com","metadata":{"containerInfo":"757795644080","serviceTitle":"Compute Engine API","activationUrl":"https://console.developers.google.com/apis/api/compute.googleapis.com/overview?project=757795644080","consumer":"projects/757795644080","service":"compute.googleapis.com"}},{"@type":"type.googleapis.com/google.rpc.LocalizedMessage","locale":"en-US","message":"Compute Engine API has not been used in project 757795644080 before or it is disabled. Enable it by visiting https://console.developers.google.com/apis/api/compute.googleapis.com/overview?project=757795644080 then retry. If you enabled this API recently, wait a few minutes for the action to propagate to our systems and retry."},{"@type":"type.googleapis.com/google.rpc.Help","links":[{"description":"Google developers console API activation","url":"https://console.developers.google.com/apis/api/compute.googleapis.com/overview?project=757795644080"}]}]}}
[debug] [2025-05-29T18:53:47.415Z] unable to look up default compute service account. Falling back to 757795644080-compute@developer.gserviceaccount.com. Error: {"name":"FirebaseError","children":[],"context":{"body":{"error":{"code":403,"message":"Compute Engine API has not been used in project 757795644080 before or it is disabled. Enable it by visiting https://console.developers.google.com/apis/api/compute.googleapis.com/overview?project=757795644080 then retry. If you enabled this API recently, wait a few minutes for the action to propagate to our systems and retry.","errors":[{"message":"Compute Engine API has not been used in project 757795644080 before or it is disabled. Enable it by visiting https://console.developers.google.com/apis/api/compute.googleapis.com/overview?project=757795644080 then retry. If you enabled this API recently, wait a few minutes for the action to propagate to our systems and retry.","domain":"usageLimits","reason":"accessNotConfigured","extendedHelp":"https://console.developers.google.com"}],"status":"PERMISSION_DENIED","details":[{"@type":"type.googleapis.com/google.rpc.ErrorInfo","reason":"SERVICE_DISABLED","domain":"googleapis.com","metadata":{"containerInfo":"757795644080","serviceTitle":"Compute Engine API","activationUrl":"https://console.developers.google.com/apis/api/compute.googleapis.com/overview?project=757795644080","consumer":"projects/757795644080","service":"compute.googleapis.com"}},{"@type":"type.googleapis.com/google.rpc.LocalizedMessage","locale":"en-US","message":"Compute Engine API has not been used in project 757795644080 before or it is disabled. Enable it by visiting https://console.developers.google.com/apis/api/compute.googleapis.com/overview?project=757795644080 then retry. If you enabled this API recently, wait a few minutes for the action to propagate to our systems and retry."},{"@type":"type.googleapis.com/google.rpc.Help","links":[{"description":"Google developers console API activation","url":"https://console.developers.google.com/apis/api/compute.googleapis.com/overview?project=757795644080"}]}]}},"response":{"statusCode":403}},"exit":1,"message":"Request to https://compute.googleapis.com/compute/v1/projects/757795644080 had HTTP Error: 403, Compute Engine API has not been used in project 757795644080 before or it is disabled. Enable it by visiting https://console.developers.google.com/apis/api/compute.googleapis.com/overview?project=757795644080 then retry. If you enabled this API recently, wait a few minutes for the action to propagate to our systems and retry.","status":403}
[debug] [2025-05-29T18:53:47.418Z] Checked if tokens are valid: true, expires at: 1748548384223
[debug] [2025-05-29T18:53:47.418Z] Checked if tokens are valid: true, expires at: 1748548384223
[debug] [2025-05-29T18:53:47.419Z] >>> [apiv2][query] GET https://cloudbilling.googleapis.com/v1/projects/lasttimebeatendate/billingInfo [none]
[debug] [2025-05-29T18:53:48.038Z] <<< [apiv2][status] GET https://cloudbilling.googleapis.com/v1/projects/lasttimebeatendate/billingInfo 200
[debug] [2025-05-29T18:53:48.039Z] <<< [apiv2][body] GET https://cloudbilling.googleapis.com/v1/projects/lasttimebeatendate/billingInfo {"name":"projects/lasttimebeatendate/billingInfo","projectId":"lasttimebeatendate","billingAccountName":"billingAccounts/012AB9-A94E81-71646F","billingEnabled":true}
[debug] [2025-05-29T18:53:48.041Z] Checked if tokens are valid: true, expires at: 1748548384223
[debug] [2025-05-29T18:53:48.042Z] Checked if tokens are valid: true, expires at: 1748548384223
[debug] [2025-05-29T18:53:48.042Z] >>> [apiv2][query] POST https://cloudfunctions.googleapis.com/v2/projects/lasttimebeatendate/locations/us-central1/functions:generateUploadUrl [none]
[debug] [2025-05-29T18:53:48.467Z] <<< [apiv2][status] POST https://cloudfunctions.googleapis.com/v2/projects/lasttimebeatendate/locations/us-central1/functions:generateUploadUrl 200
[debug] [2025-05-29T18:53:48.467Z] <<< [apiv2][body] POST https://cloudfunctions.googleapis.com/v2/projects/lasttimebeatendate/locations/us-central1/functions:generateUploadUrl {"uploadUrl":"https://storage.googleapis.com/gcf-v2-uploads-757795644080.us-central1.cloudfunctions.appspot.com/66499779-c6b7-4f8a-9ac4-df5dab8d1aa8.zip?GoogleAccessId=service-757795644080@gcf-admin-robot.iam.gserviceaccount.com&Expires=1748546656&Signature=engER2CT3PhwQn6ghVelZR%2Fh%2BK2S36EOu2T2KX9yW6JNp3Yv0DwNhuCzRuwx3rvAe0FhBsD7br%2F1r1PAbvDgCA1DTLTCoTEOXh2VQCGd%2Bz4TQgvy1%2BsHZf0pd83LjKYJK8iBW3V6F0kjxQDtOB16%2FfQfw4G9Ce%2BhcIeL7soCQgmOM237VylC7LWweRB14jeLjN432elTRFg02rpllKMsMnY%2Fi%2FU0Rjtllgc6h9PQHvH8%2BzqYR5hnvj38BoNWsl5B6O4EWkD17mj9wjGvR8dHKgqR3dwGSKh0JXvkb0H4kZZSTGWGvXxXI5zLJTtt8T6DmQFFl0eezLeXQKPswRyz6Q%3D%3D","storageSource":{"bucket":"gcf-v2-uploads-757795644080.us-central1.cloudfunctions.appspot.com","object":"66499779-c6b7-4f8a-9ac4-df5dab8d1aa8.zip"}}
[debug] [2025-05-29T18:53:48.469Z] >>> [apiv2][query] PUT https://storage.googleapis.com/gcf-v2-uploads-757795644080.us-central1.cloudfunctions.appspot.com/66499779-c6b7-4f8a-9ac4-df5dab8d1aa8.zip GoogleAccessId=service-757795644080%40gcf-admin-robot.iam.gserviceaccount.com&Expires=1748546656&Signature=engER2CT3PhwQn6ghVelZR%2Fh%2BK2S36EOu2T2KX9yW6JNp3Yv0DwNhuCzRuwx3rvAe0FhBsD7br%2F1r1PAbvDgCA1DTLTCoTEOXh2VQCGd%2Bz4TQgvy1%2BsHZf0pd83LjKYJK8iBW3V6F0kjxQDtOB16%2FfQfw4G9Ce%2BhcIeL7soCQgmOM237VylC7LWweRB14jeLjN432elTRFg02rpllKMsMnY%2Fi%2FU0Rjtllgc6h9PQHvH8%2BzqYR5hnvj38BoNWsl5B6O4EWkD17mj9wjGvR8dHKgqR3dwGSKh0JXvkb0H4kZZSTGWGvXxXI5zLJTtt8T6DmQFFl0eezLeXQKPswRyz6Q%3D%3D
[debug] [2025-05-29T18:53:48.469Z] >>> [apiv2][body] PUT https://storage.googleapis.com/gcf-v2-uploads-757795644080.us-central1.cloudfunctions.appspot.com/66499779-c6b7-4f8a-9ac4-df5dab8d1aa8.zip [stream]
[debug] [2025-05-29T18:53:49.169Z] <<< [apiv2][status] PUT https://storage.googleapis.com/gcf-v2-uploads-757795644080.us-central1.cloudfunctions.appspot.com/66499779-c6b7-4f8a-9ac4-df5dab8d1aa8.zip 200
[debug] [2025-05-29T18:53:49.169Z] <<< [apiv2][body] PUT https://storage.googleapis.com/gcf-v2-uploads-757795644080.us-central1.cloudfunctions.appspot.com/66499779-c6b7-4f8a-9ac4-df5dab8d1aa8.zip [omitted]
[info] +  functions: functions folder uploaded successfully 
[info] i  functions: updating Node.js 18 (2nd Gen) function tryLevel(us-central1)... 
[info] i  functions: updating Node.js 18 (2nd Gen) function updateLastWin(us-central1)... 
[debug] [2025-05-29T18:53:49.182Z] Checked if tokens are valid: true, expires at: 1748548384223
[debug] [2025-05-29T18:53:49.182Z] Checked if tokens are valid: true, expires at: 1748548384223
[debug] [2025-05-29T18:53:49.183Z] >>> [apiv2][query] PATCH https://cloudfunctions.googleapis.com/v2/projects/lasttimebeatendate/locations/us-central1/functions/tryLevel updateMask=name%2CbuildConfig.runtime%2CbuildConfig.entryPoint%2CbuildConfig.source.storageSource.bucket%2CbuildConfig.source.storageSource.object%2CbuildConfig.environmentVariables%2CbuildConfig.sourceToken%2CserviceConfig.environmentVariables%2CserviceConfig.ingressSettings%2CserviceConfig.timeoutSeconds%2CserviceConfig.serviceAccountEmail%2CserviceConfig.availableMemory%2CserviceConfig.minInstanceCount%2CserviceConfig.maxInstanceCount%2CserviceConfig.maxInstanceRequestConcurrency%2CserviceConfig.availableCpu%2CserviceConfig.vpcConnector%2CserviceConfig.vpcConnectorEgressSettings%2Clabels
[debug] [2025-05-29T18:53:49.183Z] >>> [apiv2][body] PATCH https://cloudfunctions.googleapis.com/v2/projects/lasttimebeatendate/locations/us-central1/functions/tryLevel {"name":"projects/lasttimebeatendate/locations/us-central1/functions/tryLevel","buildConfig":{"runtime":"nodejs18","entryPoint":"tryLevel","source":{"storageSource":{"bucket":"gcf-v2-uploads-757795644080.us-central1.cloudfunctions.appspot.com","object":"66499779-c6b7-4f8a-9ac4-df5dab8d1aa8.zip"}},"environmentVariables":{"GOOGLE_NODE_RUN_SCRIPTS":""}},"serviceConfig":{"environmentVariables":{"FIREBASE_CONFIG":"{\"projectId\":\"lasttimebeatendate\",\"storageBucket\":\"lasttimebeatendate.firebasestorage.app\"}","GCLOUD_PROJECT":"lasttimebeatendate","EVENTARC_CLOUD_EVENT_SOURCE":"projects/lasttimebeatendate/locations/us-central1/services/tryLevel","FUNCTION_TARGET":"tryLevel","LOG_EXECUTION_ID":"true"},"ingressSettings":null,"timeoutSeconds":null,"serviceAccountEmail":null,"availableMemory":"256Mi","minInstanceCount":null,"maxInstanceCount":null,"maxInstanceRequestConcurrency":80,"availableCpu":"1","vpcConnector":null,"vpcConnectorEgressSettings":null},"labels":{"deployment-tool":"cli-firebase","deployment-callable":"true","firebase-functions-hash":"c02f1867933ba8fd65bd363c7d5379d50d23cd33"}}
[debug] [2025-05-29T18:53:50.365Z] <<< [apiv2][status] PATCH https://cloudfunctions.googleapis.com/v2/projects/lasttimebeatendate/locations/us-central1/functions/tryLevel 200
[debug] [2025-05-29T18:53:50.365Z] <<< [apiv2][body] PATCH https://cloudfunctions.googleapis.com/v2/projects/lasttimebeatendate/locations/us-central1/functions/tryLevel {"name":"projects/lasttimebeatendate/locations/us-central1/operations/operation-1748544858048-6364ad323473e-c1ece2f4-81369480","metadata":{"@type":"type.googleapis.com/google.cloud.functions.v2.OperationMetadata","createTime":"2025-05-29T18:54:18.886793995Z","target":"projects/lasttimebeatendate/locations/us-central1/functions/tryLevel","verb":"update","cancelRequested":false,"apiVersion":"v2"},"done":false}
[debug] [2025-05-29T18:53:50.365Z] Checked if tokens are valid: true, expires at: 1748548384223
[debug] [2025-05-29T18:53:50.366Z] Checked if tokens are valid: true, expires at: 1748548384223
[debug] [2025-05-29T18:53:50.366Z] >>> [apiv2][query] GET https://cloudfunctions.googleapis.com/v2/projects/lasttimebeatendate/locations/us-central1/operations/operation-1748544858048-6364ad323473e-c1ece2f4-81369480 [none]
[debug] [2025-05-29T18:53:50.680Z] <<< [apiv2][status] GET https://cloudfunctions.googleapis.com/v2/projects/lasttimebeatendate/locations/us-central1/operations/operation-1748544858048-6364ad323473e-c1ece2f4-81369480 200
[debug] [2025-05-29T18:53:50.680Z] <<< [apiv2][body] GET https://cloudfunctions.googleapis.com/v2/projects/lasttimebeatendate/locations/us-central1/operations/operation-1748544858048-6364ad323473e-c1ece2f4-81369480 {"name":"projects/lasttimebeatendate/locations/us-central1/operations/operation-1748544858048-6364ad323473e-c1ece2f4-81369480","metadata":{"@type":"type.googleapis.com/google.cloud.functions.v2.OperationMetadata","createTime":"2025-05-29T18:54:18.886793995Z","target":"projects/lasttimebeatendate/locations/us-central1/functions/tryLevel","verb":"update","cancelRequested":false,"apiVersion":"v2","requestResource":{"@type":"type.googleapis.com/google.cloud.functions.v2.Function","name":"projects/lasttimebeatendate/locations/us-central1/functions/tryLevel","buildConfig":{"runtime":"nodejs18","entryPoint":"tryLevel","source":{"storageSource":{"bucket":"gcf-v2-sources-757795644080-us-central1","object":"tryLevel/function-source.zip","generation":"1748544858832765"}},"environmentVariables":{"GOOGLE_NODE_RUN_SCRIPTS":""},"dockerRepository":"projects/lasttimebeatendate/locations/us-central1/repositories/gcf-artifacts","sourceProvenance":{"resolvedStorageSource":{"bucket":"gcf-v2-sources-757795644080-us-central1","object":"tryLevel/function-source.zip","generation":"1748543011786498"}},"dockerRegistry":"ARTIFACT_REGISTRY","serviceAccount":"projects/lasttimebeatendate/serviceAccounts/757795644080-compute@developer.gserviceaccount.com","automaticUpdatePolicy":{}},"serviceConfig":{"service":"projects/lasttimebeatendate/locations/us-central1/services/trylevel","timeoutSeconds":60,"environmentVariables":{"FIREBASE_CONFIG":"{\"projectId\":\"lasttimebeatendate\",\"storageBucket\":\"lasttimebeatendate.firebasestorage.app\"}","GCLOUD_PROJECT":"lasttimebeatendate","EVENTARC_CLOUD_EVENT_SOURCE":"projects/lasttimebeatendate/locations/us-central1/services/tryLevel","FUNCTION_TARGET":"tryLevel","LOG_EXECUTION_ID":"true"},"ingressSettings":"ALLOW_ALL","uri":"https://trylevel-k2jngl7mvq-uc.a.run.app","serviceAccountEmail":"757795644080-compute@developer.gserviceaccount.com","availableMemory":"256Mi","allTrafficOnLatestRevision":true,"revision":"trylevel-00010-yuq","maxInstanceRequestConcurrency":80,"availableCpu":"1"},"state":"ACTIVE","labels":{"deployment-tool":"cli-firebase","deployment-callable":"true","firebase-functions-hash":"c02f1867933ba8fd65bd363c7d5379d50d23cd33"},"environment":"GEN_2","url":"https://us-central1-lasttimebeatendate.cloudfunctions.net/tryLevel","satisfiesPzi":true},"stages":[{"name":"BUILD","state":"NOT_STARTED","stateMessages":[{"severity":"WARNING","type":"BuildAnalysisWarning","message":"Node.js 18 is no longer supported by the Node.js community as of 30 April, 2025. Runtime nodejs18 is currently deprecated for Cloud Functions. We recommend you to upgrade to the latest version of Node.js as soon as possible."}]},{"name":"SERVICE","state":"NOT_STARTED"}],"operationType":"UPDATE_FUNCTION"},"done":false}
[debug] [2025-05-29T18:53:51.192Z] [update-default-us-central1-tryLevel] Retrying task index 0
[debug] [2025-05-29T18:53:51.193Z] Checked if tokens are valid: true, expires at: 1748548384223
[debug] [2025-05-29T18:53:51.193Z] Checked if tokens are valid: true, expires at: 1748548384223
[debug] [2025-05-29T18:53:51.193Z] >>> [apiv2][query] GET https://cloudfunctions.googleapis.com/v2/projects/lasttimebeatendate/locations/us-central1/operations/operation-1748544858048-6364ad323473e-c1ece2f4-81369480 [none]
[debug] [2025-05-29T18:53:51.536Z] <<< [apiv2][status] GET https://cloudfunctions.googleapis.com/v2/projects/lasttimebeatendate/locations/us-central1/operations/operation-1748544858048-6364ad323473e-c1ece2f4-81369480 200
[debug] [2025-05-29T18:53:51.536Z] <<< [apiv2][body] GET https://cloudfunctions.googleapis.com/v2/projects/lasttimebeatendate/locations/us-central1/operations/operation-1748544858048-6364ad323473e-c1ece2f4-81369480 {"name":"projects/lasttimebeatendate/locations/us-central1/operations/operation-1748544858048-6364ad323473e-c1ece2f4-81369480","metadata":{"@type":"type.googleapis.com/google.cloud.functions.v2.OperationMetadata","createTime":"2025-05-29T18:54:18.886793995Z","target":"projects/lasttimebeatendate/locations/us-central1/functions/tryLevel","verb":"update","cancelRequested":false,"apiVersion":"v2","requestResource":{"@type":"type.googleapis.com/google.cloud.functions.v2.Function","name":"projects/lasttimebeatendate/locations/us-central1/functions/tryLevel","buildConfig":{"runtime":"nodejs18","entryPoint":"tryLevel","source":{"storageSource":{"bucket":"gcf-v2-sources-757795644080-us-central1","object":"tryLevel/function-source.zip","generation":"1748544858832765"}},"environmentVariables":{"GOOGLE_NODE_RUN_SCRIPTS":""},"dockerRepository":"projects/lasttimebeatendate/locations/us-central1/repositories/gcf-artifacts","sourceProvenance":{"resolvedStorageSource":{"bucket":"gcf-v2-sources-757795644080-us-central1","object":"tryLevel/function-source.zip","generation":"1748543011786498"}},"dockerRegistry":"ARTIFACT_REGISTRY","serviceAccount":"projects/lasttimebeatendate/serviceAccounts/757795644080-compute@developer.gserviceaccount.com","automaticUpdatePolicy":{}},"serviceConfig":{"service":"projects/lasttimebeatendate/locations/us-central1/services/trylevel","timeoutSeconds":60,"environmentVariables":{"FIREBASE_CONFIG":"{\"projectId\":\"lasttimebeatendate\",\"storageBucket\":\"lasttimebeatendate.firebasestorage.app\"}","GCLOUD_PROJECT":"lasttimebeatendate","EVENTARC_CLOUD_EVENT_SOURCE":"projects/lasttimebeatendate/locations/us-central1/services/tryLevel","FUNCTION_TARGET":"tryLevel","LOG_EXECUTION_ID":"true"},"ingressSettings":"ALLOW_ALL","uri":"https://trylevel-k2jngl7mvq-uc.a.run.app","serviceAccountEmail":"757795644080-compute@developer.gserviceaccount.com","availableMemory":"256Mi","allTrafficOnLatestRevision":true,"revision":"trylevel-00010-yuq","maxInstanceRequestConcurrency":80,"availableCpu":"1"},"state":"ACTIVE","labels":{"deployment-tool":"cli-firebase","deployment-callable":"true","firebase-functions-hash":"c02f1867933ba8fd65bd363c7d5379d50d23cd33"},"environment":"GEN_2","url":"https://us-central1-lasttimebeatendate.cloudfunctions.net/tryLevel","satisfiesPzi":true},"stages":[{"name":"BUILD","message":"Build in progress","state":"IN_PROGRESS","resource":"projects/757795644080/locations/us-central1/builds/c21debaf-1a07-4d13-a43f-6577fd23d192","resourceUri":"https://console.cloud.google.com/cloud-build/builds;region=us-central1/c21debaf-1a07-4d13-a43f-6577fd23d192?project=757795644080"},{"name":"SERVICE","state":"NOT_STARTED"}],"operationType":"UPDATE_FUNCTION","buildName":"projects/757795644080/locations/us-central1/builds/c21debaf-1a07-4d13-a43f-6577fd23d192"},"done":false}
[debug] [2025-05-29T18:53:52.545Z] [update-default-us-central1-tryLevel] Retrying task index 0
[debug] [2025-05-29T18:53:52.546Z] Checked if tokens are valid: true, expires at: 1748548384223
[debug] [2025-05-29T18:53:52.546Z] Checked if tokens are valid: true, expires at: 1748548384223
[debug] [2025-05-29T18:53:52.546Z] >>> [apiv2][query] GET https://cloudfunctions.googleapis.com/v2/projects/lasttimebeatendate/locations/us-central1/operations/operation-1748544858048-6364ad323473e-c1ece2f4-81369480 [none]
[debug] [2025-05-29T18:53:52.877Z] <<< [apiv2][status] GET https://cloudfunctions.googleapis.com/v2/projects/lasttimebeatendate/locations/us-central1/operations/operation-1748544858048-6364ad323473e-c1ece2f4-81369480 200
[debug] [2025-05-29T18:53:52.878Z] <<< [apiv2][body] GET https://cloudfunctions.googleapis.com/v2/projects/lasttimebeatendate/locations/us-central1/operations/operation-1748544858048-6364ad323473e-c1ece2f4-81369480 {"name":"projects/lasttimebeatendate/locations/us-central1/operations/operation-1748544858048-6364ad323473e-c1ece2f4-81369480","metadata":{"@type":"type.googleapis.com/google.cloud.functions.v2.OperationMetadata","createTime":"2025-05-29T18:54:18.886793995Z","target":"projects/lasttimebeatendate/locations/us-central1/functions/tryLevel","verb":"update","cancelRequested":false,"apiVersion":"v2","requestResource":{"@type":"type.googleapis.com/google.cloud.functions.v2.Function","name":"projects/lasttimebeatendate/locations/us-central1/functions/tryLevel","buildConfig":{"runtime":"nodejs18","entryPoint":"tryLevel","source":{"storageSource":{"bucket":"gcf-v2-sources-757795644080-us-central1","object":"tryLevel/function-source.zip","generation":"1748544858832765"}},"environmentVariables":{"GOOGLE_NODE_RUN_SCRIPTS":""},"dockerRepository":"projects/lasttimebeatendate/locations/us-central1/repositories/gcf-artifacts","sourceProvenance":{"resolvedStorageSource":{"bucket":"gcf-v2-sources-757795644080-us-central1","object":"tryLevel/function-source.zip","generation":"1748543011786498"}},"dockerRegistry":"ARTIFACT_REGISTRY","serviceAccount":"projects/lasttimebeatendate/serviceAccounts/757795644080-compute@developer.gserviceaccount.com","automaticUpdatePolicy":{}},"serviceConfig":{"service":"projects/lasttimebeatendate/locations/us-central1/services/trylevel","timeoutSeconds":60,"environmentVariables":{"FIREBASE_CONFIG":"{\"projectId\":\"lasttimebeatendate\",\"storageBucket\":\"lasttimebeatendate.firebasestorage.app\"}","GCLOUD_PROJECT":"lasttimebeatendate","EVENTARC_CLOUD_EVENT_SOURCE":"projects/lasttimebeatendate/locations/us-central1/services/tryLevel","FUNCTION_TARGET":"tryLevel","LOG_EXECUTION_ID":"true"},"ingressSettings":"ALLOW_ALL","uri":"https://trylevel-k2jngl7mvq-uc.a.run.app","serviceAccountEmail":"757795644080-compute@developer.gserviceaccount.com","availableMemory":"256Mi","allTrafficOnLatestRevision":true,"revision":"trylevel-00010-yuq","maxInstanceRequestConcurrency":80,"availableCpu":"1"},"state":"ACTIVE","labels":{"deployment-tool":"cli-firebase","deployment-callable":"true","firebase-functions-hash":"c02f1867933ba8fd65bd363c7d5379d50d23cd33"},"environment":"GEN_2","url":"https://us-central1-lasttimebeatendate.cloudfunctions.net/tryLevel","satisfiesPzi":true},"stages":[{"name":"BUILD","message":"Build in progress","state":"IN_PROGRESS","resource":"projects/757795644080/locations/us-central1/builds/c21debaf-1a07-4d13-a43f-6577fd23d192","resourceUri":"https://console.cloud.google.com/cloud-build/builds;region=us-central1/c21debaf-1a07-4d13-a43f-6577fd23d192?project=757795644080"},{"name":"SERVICE","state":"NOT_STARTED"}],"operationType":"UPDATE_FUNCTION","buildName":"projects/757795644080/locations/us-central1/builds/c21debaf-1a07-4d13-a43f-6577fd23d192"},"done":false}
[debug] [2025-05-29T18:53:54.889Z] [update-default-us-central1-tryLevel] Retrying task index 0
[debug] [2025-05-29T18:53:54.889Z] Checked if tokens are valid: true, expires at: 1748548384223
[debug] [2025-05-29T18:53:54.889Z] Checked if tokens are valid: true, expires at: 1748548384223
[debug] [2025-05-29T18:53:54.890Z] >>> [apiv2][query] GET https://cloudfunctions.googleapis.com/v2/projects/lasttimebeatendate/locations/us-central1/operations/operation-1748544858048-6364ad323473e-c1ece2f4-81369480 [none]
[debug] [2025-05-29T18:53:55.202Z] <<< [apiv2][status] GET https://cloudfunctions.googleapis.com/v2/projects/lasttimebeatendate/locations/us-central1/operations/operation-1748544858048-6364ad323473e-c1ece2f4-81369480 200
[debug] [2025-05-29T18:53:55.202Z] <<< [apiv2][body] GET https://cloudfunctions.googleapis.com/v2/projects/lasttimebeatendate/locations/us-central1/operations/operation-1748544858048-6364ad323473e-c1ece2f4-81369480 {"name":"projects/lasttimebeatendate/locations/us-central1/operations/operation-1748544858048-6364ad323473e-c1ece2f4-81369480","metadata":{"@type":"type.googleapis.com/google.cloud.functions.v2.OperationMetadata","createTime":"2025-05-29T18:54:18.886793995Z","target":"projects/lasttimebeatendate/locations/us-central1/functions/tryLevel","verb":"update","cancelRequested":false,"apiVersion":"v2","requestResource":{"@type":"type.googleapis.com/google.cloud.functions.v2.Function","name":"projects/lasttimebeatendate/locations/us-central1/functions/tryLevel","buildConfig":{"runtime":"nodejs18","entryPoint":"tryLevel","source":{"storageSource":{"bucket":"gcf-v2-sources-757795644080-us-central1","object":"tryLevel/function-source.zip","generation":"1748544858832765"}},"environmentVariables":{"GOOGLE_NODE_RUN_SCRIPTS":""},"dockerRepository":"projects/lasttimebeatendate/locations/us-central1/repositories/gcf-artifacts","sourceProvenance":{"resolvedStorageSource":{"bucket":"gcf-v2-sources-757795644080-us-central1","object":"tryLevel/function-source.zip","generation":"1748543011786498"}},"dockerRegistry":"ARTIFACT_REGISTRY","serviceAccount":"projects/lasttimebeatendate/serviceAccounts/757795644080-compute@developer.gserviceaccount.com","automaticUpdatePolicy":{}},"serviceConfig":{"service":"projects/lasttimebeatendate/locations/us-central1/services/trylevel","timeoutSeconds":60,"environmentVariables":{"FIREBASE_CONFIG":"{\"projectId\":\"lasttimebeatendate\",\"storageBucket\":\"lasttimebeatendate.firebasestorage.app\"}","GCLOUD_PROJECT":"lasttimebeatendate","EVENTARC_CLOUD_EVENT_SOURCE":"projects/lasttimebeatendate/locations/us-central1/services/tryLevel","FUNCTION_TARGET":"tryLevel","LOG_EXECUTION_ID":"true"},"ingressSettings":"ALLOW_ALL","uri":"https://trylevel-k2jngl7mvq-uc.a.run.app","serviceAccountEmail":"757795644080-compute@developer.gserviceaccount.com","availableMemory":"256Mi","allTrafficOnLatestRevision":true,"revision":"trylevel-00010-yuq","maxInstanceRequestConcurrency":80,"availableCpu":"1"},"state":"ACTIVE","labels":{"deployment-tool":"cli-firebase","deployment-callable":"true","firebase-functions-hash":"c02f1867933ba8fd65bd363c7d5379d50d23cd33"},"environment":"GEN_2","url":"https://us-central1-lasttimebeatendate.cloudfunctions.net/tryLevel","satisfiesPzi":true},"stages":[{"name":"BUILD","message":"Build in progress","state":"IN_PROGRESS","resource":"projects/757795644080/locations/us-central1/builds/c21debaf-1a07-4d13-a43f-6577fd23d192","resourceUri":"https://console.cloud.google.com/cloud-build/builds;region=us-central1/c21debaf-1a07-4d13-a43f-6577fd23d192?project=757795644080"},{"name":"SERVICE","state":"NOT_STARTED"}],"operationType":"UPDATE_FUNCTION","buildName":"projects/757795644080/locations/us-central1/builds/c21debaf-1a07-4d13-a43f-6577fd23d192"},"done":false}
[debug] [2025-05-29T18:53:59.218Z] [update-default-us-central1-tryLevel] Retrying task index 0
[debug] [2025-05-29T18:53:59.218Z] Checked if tokens are valid: true, expires at: 1748548384223
[debug] [2025-05-29T18:53:59.219Z] Checked if tokens are valid: true, expires at: 1748548384223
[debug] [2025-05-29T18:53:59.219Z] >>> [apiv2][query] GET https://cloudfunctions.googleapis.com/v2/projects/lasttimebeatendate/locations/us-central1/operations/operation-1748544858048-6364ad323473e-c1ece2f4-81369480 [none]
[debug] [2025-05-29T18:53:59.537Z] <<< [apiv2][status] GET https://cloudfunctions.googleapis.com/v2/projects/lasttimebeatendate/locations/us-central1/operations/operation-1748544858048-6364ad323473e-c1ece2f4-81369480 200
[debug] [2025-05-29T18:53:59.538Z] <<< [apiv2][body] GET https://cloudfunctions.googleapis.com/v2/projects/lasttimebeatendate/locations/us-central1/operations/operation-1748544858048-6364ad323473e-c1ece2f4-81369480 {"name":"projects/lasttimebeatendate/locations/us-central1/operations/operation-1748544858048-6364ad323473e-c1ece2f4-81369480","metadata":{"@type":"type.googleapis.com/google.cloud.functions.v2.OperationMetadata","createTime":"2025-05-29T18:54:18.886793995Z","target":"projects/lasttimebeatendate/locations/us-central1/functions/tryLevel","verb":"update","cancelRequested":false,"apiVersion":"v2","requestResource":{"@type":"type.googleapis.com/google.cloud.functions.v2.Function","name":"projects/lasttimebeatendate/locations/us-central1/functions/tryLevel","buildConfig":{"runtime":"nodejs18","entryPoint":"tryLevel","source":{"storageSource":{"bucket":"gcf-v2-sources-757795644080-us-central1","object":"tryLevel/function-source.zip","generation":"1748544858832765"}},"environmentVariables":{"GOOGLE_NODE_RUN_SCRIPTS":""},"dockerRepository":"projects/lasttimebeatendate/locations/us-central1/repositories/gcf-artifacts","sourceProvenance":{"resolvedStorageSource":{"bucket":"gcf-v2-sources-757795644080-us-central1","object":"tryLevel/function-source.zip","generation":"1748543011786498"}},"dockerRegistry":"ARTIFACT_REGISTRY","serviceAccount":"projects/lasttimebeatendate/serviceAccounts/757795644080-compute@developer.gserviceaccount.com","automaticUpdatePolicy":{}},"serviceConfig":{"service":"projects/lasttimebeatendate/locations/us-central1/services/trylevel","timeoutSeconds":60,"environmentVariables":{"FIREBASE_CONFIG":"{\"projectId\":\"lasttimebeatendate\",\"storageBucket\":\"lasttimebeatendate.firebasestorage.app\"}","GCLOUD_PROJECT":"lasttimebeatendate","EVENTARC_CLOUD_EVENT_SOURCE":"projects/lasttimebeatendate/locations/us-central1/services/tryLevel","FUNCTION_TARGET":"tryLevel","LOG_EXECUTION_ID":"true"},"ingressSettings":"ALLOW_ALL","uri":"https://trylevel-k2jngl7mvq-uc.a.run.app","serviceAccountEmail":"757795644080-compute@developer.gserviceaccount.com","availableMemory":"256Mi","allTrafficOnLatestRevision":true,"revision":"trylevel-00010-yuq","maxInstanceRequestConcurrency":80,"availableCpu":"1"},"state":"ACTIVE","labels":{"deployment-tool":"cli-firebase","deployment-callable":"true","firebase-functions-hash":"c02f1867933ba8fd65bd363c7d5379d50d23cd33"},"environment":"GEN_2","url":"https://us-central1-lasttimebeatendate.cloudfunctions.net/tryLevel","satisfiesPzi":true},"stages":[{"name":"BUILD","message":"Build in progress","state":"IN_PROGRESS","resource":"projects/757795644080/locations/us-central1/builds/c21debaf-1a07-4d13-a43f-6577fd23d192","resourceUri":"https://console.cloud.google.com/cloud-build/builds;region=us-central1/c21debaf-1a07-4d13-a43f-6577fd23d192?project=757795644080"},{"name":"SERVICE","state":"NOT_STARTED"}],"operationType":"UPDATE_FUNCTION","buildName":"projects/757795644080/locations/us-central1/builds/c21debaf-1a07-4d13-a43f-6577fd23d192"},"done":false}
[debug] [2025-05-29T18:54:07.541Z] [update-default-us-central1-tryLevel] Retrying task index 0
[debug] [2025-05-29T18:54:07.542Z] Checked if tokens are valid: true, expires at: 1748548384223
[debug] [2025-05-29T18:54:07.543Z] Checked if tokens are valid: true, expires at: 1748548384223
[debug] [2025-05-29T18:54:07.543Z] >>> [apiv2][query] GET https://cloudfunctions.googleapis.com/v2/projects/lasttimebeatendate/locations/us-central1/operations/operation-1748544858048-6364ad323473e-c1ece2f4-81369480 [none]
[debug] [2025-05-29T18:54:08.014Z] <<< [apiv2][status] GET https://cloudfunctions.googleapis.com/v2/projects/lasttimebeatendate/locations/us-central1/operations/operation-1748544858048-6364ad323473e-c1ece2f4-81369480 200
[debug] [2025-05-29T18:54:08.014Z] <<< [apiv2][body] GET https://cloudfunctions.googleapis.com/v2/projects/lasttimebeatendate/locations/us-central1/operations/operation-1748544858048-6364ad323473e-c1ece2f4-81369480 {"name":"projects/lasttimebeatendate/locations/us-central1/operations/operation-1748544858048-6364ad323473e-c1ece2f4-81369480","metadata":{"@type":"type.googleapis.com/google.cloud.functions.v2.OperationMetadata","createTime":"2025-05-29T18:54:18.886793995Z","target":"projects/lasttimebeatendate/locations/us-central1/functions/tryLevel","verb":"update","cancelRequested":false,"apiVersion":"v2","requestResource":{"@type":"type.googleapis.com/google.cloud.functions.v2.Function","name":"projects/lasttimebeatendate/locations/us-central1/functions/tryLevel","buildConfig":{"runtime":"nodejs18","entryPoint":"tryLevel","source":{"storageSource":{"bucket":"gcf-v2-sources-757795644080-us-central1","object":"tryLevel/function-source.zip","generation":"1748544858832765"}},"environmentVariables":{"GOOGLE_NODE_RUN_SCRIPTS":""},"dockerRepository":"projects/lasttimebeatendate/locations/us-central1/repositories/gcf-artifacts","sourceProvenance":{"resolvedStorageSource":{"bucket":"gcf-v2-sources-757795644080-us-central1","object":"tryLevel/function-source.zip","generation":"1748543011786498"}},"dockerRegistry":"ARTIFACT_REGISTRY","serviceAccount":"projects/lasttimebeatendate/serviceAccounts/757795644080-compute@developer.gserviceaccount.com","automaticUpdatePolicy":{}},"serviceConfig":{"service":"projects/lasttimebeatendate/locations/us-central1/services/trylevel","timeoutSeconds":60,"environmentVariables":{"FIREBASE_CONFIG":"{\"projectId\":\"lasttimebeatendate\",\"storageBucket\":\"lasttimebeatendate.firebasestorage.app\"}","GCLOUD_PROJECT":"lasttimebeatendate","EVENTARC_CLOUD_EVENT_SOURCE":"projects/lasttimebeatendate/locations/us-central1/services/tryLevel","FUNCTION_TARGET":"tryLevel","LOG_EXECUTION_ID":"true"},"ingressSettings":"ALLOW_ALL","uri":"https://trylevel-k2jngl7mvq-uc.a.run.app","serviceAccountEmail":"757795644080-compute@developer.gserviceaccount.com","availableMemory":"256Mi","allTrafficOnLatestRevision":true,"revision":"trylevel-00010-yuq","maxInstanceRequestConcurrency":80,"availableCpu":"1"},"state":"ACTIVE","labels":{"deployment-tool":"cli-firebase","deployment-callable":"true","firebase-functions-hash":"c02f1867933ba8fd65bd363c7d5379d50d23cd33"},"environment":"GEN_2","url":"https://us-central1-lasttimebeatendate.cloudfunctions.net/tryLevel","satisfiesPzi":true},"stages":[{"name":"BUILD","message":"Build in progress","state":"IN_PROGRESS","resource":"projects/757795644080/locations/us-central1/builds/c21debaf-1a07-4d13-a43f-6577fd23d192","resourceUri":"https://console.cloud.google.com/cloud-build/builds;region=us-central1/c21debaf-1a07-4d13-a43f-6577fd23d192?project=757795644080"},{"name":"SERVICE","state":"NOT_STARTED"}],"operationType":"UPDATE_FUNCTION","buildName":"projects/757795644080/locations/us-central1/builds/c21debaf-1a07-4d13-a43f-6577fd23d192"},"done":false}
[debug] [2025-05-29T18:54:18.018Z] [update-default-us-central1-tryLevel] Retrying task index 0
[debug] [2025-05-29T18:54:18.020Z] Checked if tokens are valid: true, expires at: 1748548384223
[debug] [2025-05-29T18:54:18.020Z] Checked if tokens are valid: true, expires at: 1748548384223
[debug] [2025-05-29T18:54:18.021Z] >>> [apiv2][query] GET https://cloudfunctions.googleapis.com/v2/projects/lasttimebeatendate/locations/us-central1/operations/operation-1748544858048-6364ad323473e-c1ece2f4-81369480 [none]
[debug] [2025-05-29T18:54:18.512Z] <<< [apiv2][status] GET https://cloudfunctions.googleapis.com/v2/projects/lasttimebeatendate/locations/us-central1/operations/operation-1748544858048-6364ad323473e-c1ece2f4-81369480 200
[debug] [2025-05-29T18:54:18.513Z] <<< [apiv2][body] GET https://cloudfunctions.googleapis.com/v2/projects/lasttimebeatendate/locations/us-central1/operations/operation-1748544858048-6364ad323473e-c1ece2f4-81369480 {"name":"projects/lasttimebeatendate/locations/us-central1/operations/operation-1748544858048-6364ad323473e-c1ece2f4-81369480","metadata":{"@type":"type.googleapis.com/google.cloud.functions.v2.OperationMetadata","createTime":"2025-05-29T18:54:18.886793995Z","target":"projects/lasttimebeatendate/locations/us-central1/functions/tryLevel","verb":"update","cancelRequested":false,"apiVersion":"v2","requestResource":{"@type":"type.googleapis.com/google.cloud.functions.v2.Function","name":"projects/lasttimebeatendate/locations/us-central1/functions/tryLevel","buildConfig":{"runtime":"nodejs18","entryPoint":"tryLevel","source":{"storageSource":{"bucket":"gcf-v2-sources-757795644080-us-central1","object":"tryLevel/function-source.zip","generation":"1748544858832765"}},"environmentVariables":{"GOOGLE_NODE_RUN_SCRIPTS":""},"dockerRepository":"projects/lasttimebeatendate/locations/us-central1/repositories/gcf-artifacts","sourceProvenance":{"resolvedStorageSource":{"bucket":"gcf-v2-sources-757795644080-us-central1","object":"tryLevel/function-source.zip","generation":"1748543011786498"}},"dockerRegistry":"ARTIFACT_REGISTRY","serviceAccount":"projects/lasttimebeatendate/serviceAccounts/757795644080-compute@developer.gserviceaccount.com","automaticUpdatePolicy":{}},"serviceConfig":{"service":"projects/lasttimebeatendate/locations/us-central1/services/trylevel","timeoutSeconds":60,"environmentVariables":{"FIREBASE_CONFIG":"{\"projectId\":\"lasttimebeatendate\",\"storageBucket\":\"lasttimebeatendate.firebasestorage.app\"}","GCLOUD_PROJECT":"lasttimebeatendate","EVENTARC_CLOUD_EVENT_SOURCE":"projects/lasttimebeatendate/locations/us-central1/services/tryLevel","FUNCTION_TARGET":"tryLevel","LOG_EXECUTION_ID":"true"},"ingressSettings":"ALLOW_ALL","uri":"https://trylevel-k2jngl7mvq-uc.a.run.app","serviceAccountEmail":"757795644080-compute@developer.gserviceaccount.com","availableMemory":"256Mi","allTrafficOnLatestRevision":true,"revision":"trylevel-00010-yuq","maxInstanceRequestConcurrency":80,"availableCpu":"1"},"state":"ACTIVE","labels":{"deployment-tool":"cli-firebase","deployment-callable":"true","firebase-functions-hash":"c02f1867933ba8fd65bd363c7d5379d50d23cd33"},"environment":"GEN_2","url":"https://us-central1-lasttimebeatendate.cloudfunctions.net/tryLevel","satisfiesPzi":true},"stages":[{"name":"BUILD","message":"Build in progress","state":"IN_PROGRESS","resource":"projects/757795644080/locations/us-central1/builds/c21debaf-1a07-4d13-a43f-6577fd23d192","resourceUri":"https://console.cloud.google.com/cloud-build/builds;region=us-central1/c21debaf-1a07-4d13-a43f-6577fd23d192?project=757795644080"},{"name":"SERVICE","state":"NOT_STARTED"}],"operationType":"UPDATE_FUNCTION","buildName":"projects/757795644080/locations/us-central1/builds/c21debaf-1a07-4d13-a43f-6577fd23d192"},"done":false}
[debug] [2025-05-29T18:54:28.519Z] [update-default-us-central1-tryLevel] Retrying task index 0
[debug] [2025-05-29T18:54:28.519Z] Checked if tokens are valid: true, expires at: 1748548384223
[debug] [2025-05-29T18:54:28.519Z] Checked if tokens are valid: true, expires at: 1748548384223
[debug] [2025-05-29T18:54:28.520Z] >>> [apiv2][query] GET https://cloudfunctions.googleapis.com/v2/projects/lasttimebeatendate/locations/us-central1/operations/operation-1748544858048-6364ad323473e-c1ece2f4-81369480 [none]
[debug] [2025-05-29T18:54:28.997Z] <<< [apiv2][status] GET https://cloudfunctions.googleapis.com/v2/projects/lasttimebeatendate/locations/us-central1/operations/operation-1748544858048-6364ad323473e-c1ece2f4-81369480 200
[debug] [2025-05-29T18:54:28.997Z] <<< [apiv2][body] GET https://cloudfunctions.googleapis.com/v2/projects/lasttimebeatendate/locations/us-central1/operations/operation-1748544858048-6364ad323473e-c1ece2f4-81369480 {"name":"projects/lasttimebeatendate/locations/us-central1/operations/operation-1748544858048-6364ad323473e-c1ece2f4-81369480","metadata":{"@type":"type.googleapis.com/google.cloud.functions.v2.OperationMetadata","createTime":"2025-05-29T18:54:18.886793995Z","target":"projects/lasttimebeatendate/locations/us-central1/functions/tryLevel","verb":"update","cancelRequested":false,"apiVersion":"v2","requestResource":{"@type":"type.googleapis.com/google.cloud.functions.v2.Function","name":"projects/lasttimebeatendate/locations/us-central1/functions/tryLevel","buildConfig":{"runtime":"nodejs18","entryPoint":"tryLevel","source":{"storageSource":{"bucket":"gcf-v2-sources-757795644080-us-central1","object":"tryLevel/function-source.zip","generation":"1748544858832765"}},"environmentVariables":{"GOOGLE_NODE_RUN_SCRIPTS":""},"dockerRepository":"projects/lasttimebeatendate/locations/us-central1/repositories/gcf-artifacts","sourceProvenance":{"resolvedStorageSource":{"bucket":"gcf-v2-sources-757795644080-us-central1","object":"tryLevel/function-source.zip","generation":"1748543011786498"}},"dockerRegistry":"ARTIFACT_REGISTRY","serviceAccount":"projects/lasttimebeatendate/serviceAccounts/757795644080-compute@developer.gserviceaccount.com","automaticUpdatePolicy":{}},"serviceConfig":{"service":"projects/lasttimebeatendate/locations/us-central1/services/trylevel","timeoutSeconds":60,"environmentVariables":{"FIREBASE_CONFIG":"{\"projectId\":\"lasttimebeatendate\",\"storageBucket\":\"lasttimebeatendate.firebasestorage.app\"}","GCLOUD_PROJECT":"lasttimebeatendate","EVENTARC_CLOUD_EVENT_SOURCE":"projects/lasttimebeatendate/locations/us-central1/services/tryLevel","FUNCTION_TARGET":"tryLevel","LOG_EXECUTION_ID":"true"},"ingressSettings":"ALLOW_ALL","uri":"https://trylevel-k2jngl7mvq-uc.a.run.app","serviceAccountEmail":"757795644080-compute@developer.gserviceaccount.com","availableMemory":"256Mi","allTrafficOnLatestRevision":true,"revision":"trylevel-00010-yuq","maxInstanceRequestConcurrency":80,"availableCpu":"1"},"state":"ACTIVE","labels":{"deployment-tool":"cli-firebase","deployment-callable":"true","firebase-functions-hash":"c02f1867933ba8fd65bd363c7d5379d50d23cd33"},"environment":"GEN_2","url":"https://us-central1-lasttimebeatendate.cloudfunctions.net/tryLevel","satisfiesPzi":true},"stages":[{"name":"BUILD","message":"Build in progress","state":"IN_PROGRESS","resource":"projects/757795644080/locations/us-central1/builds/c21debaf-1a07-4d13-a43f-6577fd23d192","resourceUri":"https://console.cloud.google.com/cloud-build/builds;region=us-central1/c21debaf-1a07-4d13-a43f-6577fd23d192?project=757795644080"},{"name":"SERVICE","state":"NOT_STARTED"}],"operationType":"UPDATE_FUNCTION","buildName":"projects/757795644080/locations/us-central1/builds/c21debaf-1a07-4d13-a43f-6577fd23d192"},"done":false}
